make[1]: Entering directory `/u/harke/ece-351/hw3'
clear
[3;J[H[2Jvsim -c tb_stackCPU
Reading pref.tcl

# 2024.2

# vsim -c tb_stackCPU 
# Start time: 11:41:52 on Nov 27,2024
# ** Note: (vsim-8009) Loading existing optimized design _opt
# //  Questa Sim-64
# //  Version 2024.2 linux_x86_64 May 20 2024
# //
# // Unpublished work. Copyright 2024 Siemens
# //
# // This material contains trade secrets or otherwise confidential information
# // owned by Siemens Industry Software Inc. or its affiliates (collectively,
# // "SISW"), or its licensors. Access to and use of this information is strictly
# // limited as set forth in the Customer's applicable agreements with SISW.
# //
# // This material may not be copied, distributed, or otherwise disclosed outside
# // of the Customer's facilities without the express written permission of SISW,
# // and may not be used in any way not expressly authorized by SISW.
# //
# Loading sv_std.std
# Loading work.stackCPU_DEFS(fast)
# Loading work.stackCPU_sv_unit(fast)
# Loading work.tb_stackCPU_sv_unit(fast)
# Loading work.tb_stackCPU(fast)
VSIM 1> run -a
# waiting to come out of reset
# waiting to come out of reset
# StackCPU is alive and executing instructions!!
#   0 | PUSH_IMMEDIATE, (  9) | DECODE (  PUSH) | 0    0    |    0 |    x,   0 |    9 0000001001
#   0 | PUSH_IMMEDIATE, (  9) |   PUSH ( FETCH) | 0    1    |    0 |    x,   0 |    9 0000001001
# ----+-----------------------+-----------------+-----------+------+-----------+-------
# PC  | Operation             |  State  (next)  | pop  push | top  | op1   op2 | result
#   1 | PUSH_IMMEDIATE, (  2) |  FETCH (DECODE) | 0    0    |    9 |    X,   X |    2 0000000010
#   1 | PUSH_IMMEDIATE, (  2) | DECODE (  PUSH) | 0    0    |    9 |    X,   X |    2 0000000010
#   1 | PUSH_IMMEDIATE, (  2) |   PUSH ( FETCH) | 0    1    |    9 |    X,   9 |    2 0000000010
# ----+-----------------------+-----------------+-----------+------+-----------+-------
# PC  | Operation             |  State  (next)  | pop  push | top  | op1   op2 | result
#   2 |            DIV, (  0) |  FETCH (DECODE) | 0    0    |    2 |    X,   X |    x xxxxxxxxxx
#   2 |            DIV, (  0) | DECODE (  POP2) | 1    0    |    2 |    X,   X |    x xxxxxxxxxx
#   2 |            DIV, (  0) |   POP2 (  POP1) | 1    0    |    9 |    X,   2 |    x xxxxxxxxxx
#   2 |            DIV, (  0) |   POP1 (  PUSH) | 0    0    |    0 |    9,   2 |    4 0000000100
#   2 |            DIV, (  0) |   PUSH ( FETCH) | 0    1    |    0 |    9,   2 |    4 0000000100
# Reached end of program.
# ** Note: $stop    : tb_stackCPU.sv(93)
#    Time: 125 ns  Iteration: 1  Instance: /tb_stackCPU
# Break at tb_stackCPU.sv line 93
# Stopped at tb_stackCPU.sv line 93
VSIM 2> # 
# <EOF>
# End time: 11:41:52 on Nov 27,2024, Elapsed time: 0:00:00
# Errors: 0, Warnings: 0
make[1]: Leaving directory `/u/harke/ece-351/hw3'
