
=========================================
File: error.full.mem

Description:
An attempt to push to a full stack is an error.

Input Program:
00000_0_0000000000 // PUSH_IMMEDIATE 0	
00000_0_0000000001 // PUSH_IMMEDIATE 1
00000_0_0000000010 // PUSH_IMMEDIATE 2
00000_0_0000000011 // PUSH_IMMEDIATE 3
00000_0_0000000100 // PUSH_IMMEDIATE 4
00000_0_0000000101 // PUSH_IMMEDIATE 5
00000_0_0000000110 // PUSH_IMMEDIATE 6
00000_0_0000000111 // PUSH_IMMEDIATE 7
00000_0_0000001000 // PUSH_IMMEDIATE 8
00000_0_0000001001 // PUSH_IMMEDIATE 9
00000_0_0000001010 // PUSH_IMMEDIATE 10
00000_0_0000001011 // PUSH_IMMEDIATE 11
00000_0_0000001100 // PUSH_IMMEDIATE 12
00000_0_0000001101 // PUSH_IMMEDIATE 13
00000_0_0000001110 // PUSH_IMMEDIATE 14
00000_0_0000001111 // PUSH_IMMEDIATE 15
00000_0_0000010000 // PUSH_IMMEDIATE 16  -- Error if we're using the default stack size

Results:
make[1]: Entering directory `/u/harke/ece-351/hw3'
clear
[3;J[H[2Jvsim -c tb_stackCPU
Reading pref.tcl

# 2024.2

# vsim -c tb_stackCPU 
# ** Note: (vsim-8009) Loading existing optimized design _opt
# //  Questa Sim-64
# //  Version 2024.2 linux_x86_64 May 20 2024
# //
# // Unpublished work. Copyright 2024 Siemens
# //
# // This material contains trade secrets or otherwise confidential information
# // owned by Siemens Industry Software Inc. or its affiliates (collectively,
# // "SISW"), or its licensors. Access to and use of this information is strictly
# // limited as set forth in the Customer's applicable agreements with SISW.
# //
# // This material may not be copied, distributed, or otherwise disclosed outside
# // of the Customer's facilities without the express written permission of SISW,
# // and may not be used in any way not expressly authorized by SISW.
# //
# Loading sv_std.std
# Loading work.stackCPU_DEFS(fast)
# Loading work.stackCPU_sv_unit(fast)
# Loading work.tb_stackCPU_sv_unit(fast)
# Loading work.tb_stackCPU(fast)
VSIM 1> run -a
# ECE 351 Fall 2024: Stack CPU testbench - Tom Harke (harke@pdx.edu)
# Sources: /u/harke/351/hw3
# 
# waiting to come out of reset
# waiting to come out of reset
# StackCPU is alive and executing instructions!!
# ----+-----------------------+-----------------+-----------+------+-----------+-------
# PC  | Operation             |  State  (next)  | pop  push | top  | op1   op2 | result
#   0 | PUSH_IMMEDIATE, (  0) |  FETCH (DECODE) | 0    0    |    0 |    x,   x |    0 0000000000
#   0 | PUSH_IMMEDIATE, (  0) | DECODE (  PUSH) | 0    0    |    0 |    x,   x |    0 0000000000
#   0 | PUSH_IMMEDIATE, (  0) |   PUSH ( PAUSE) | 0    1    |    0 |    x,   0 |    0 0000000000
#   0 | PUSH_IMMEDIATE, (  0) |  PAUSE ( FETCH) | 0    0    |    0 |    X,   X |    0 0000000000
# ----+-----------------------+-----------------+-----------+------+-----------+-------
# PC  | Operation             |  State  (next)  | pop  push | top  | op1   op2 | result
#   1 | PUSH_IMMEDIATE, (  1) |  FETCH (DECODE) | 0    0    |    0 |    X,   X |    0 0000000000
#   1 | PUSH_IMMEDIATE, (  1) | DECODE (  PUSH) | 0    0    |    0 |    X,   X |    1 0000000001
#   1 | PUSH_IMMEDIATE, (  1) |   PUSH ( PAUSE) | 0    1    |    0 |    X,   0 |    1 0000000001
#   1 | PUSH_IMMEDIATE, (  1) |  PAUSE ( FETCH) | 0    0    |    1 |    X,   X |    1 0000000001
# ----+-----------------------+-----------------+-----------+------+-----------+-------
# PC  | Operation             |  State  (next)  | pop  push | top  | op1   op2 | result
#   2 | PUSH_IMMEDIATE, (  2) |  FETCH (DECODE) | 0    0    |    1 |    X,   X |    1 0000000001
#   2 | PUSH_IMMEDIATE, (  2) | DECODE (  PUSH) | 0    0    |    1 |    X,   X |    2 0000000010
#   2 | PUSH_IMMEDIATE, (  2) |   PUSH ( PAUSE) | 0    1    |    1 |    X,   1 |    2 0000000010
#   2 | PUSH_IMMEDIATE, (  2) |  PAUSE ( FETCH) | 0    0    |    2 |    X,   X |    2 0000000010
# ----+-----------------------+-----------------+-----------+------+-----------+-------
# PC  | Operation             |  State  (next)  | pop  push | top  | op1   op2 | result
#   3 | PUSH_IMMEDIATE, (  3) |  FETCH (DECODE) | 0    0    |    2 |    X,   X |    2 0000000010
#   3 | PUSH_IMMEDIATE, (  3) | DECODE (  PUSH) | 0    0    |    2 |    X,   X |    3 0000000011
#   3 | PUSH_IMMEDIATE, (  3) |   PUSH ( PAUSE) | 0    1    |    2 |    X,   2 |    3 0000000011
#   3 | PUSH_IMMEDIATE, (  3) |  PAUSE ( FETCH) | 0    0    |    3 |    X,   X |    3 0000000011
# ----+-----------------------+-----------------+-----------+------+-----------+-------
# PC  | Operation             |  State  (next)  | pop  push | top  | op1   op2 | result
#   4 | PUSH_IMMEDIATE, (  4) |  FETCH (DECODE) | 0    0    |    3 |    X,   X |    3 0000000011
#   4 | PUSH_IMMEDIATE, (  4) | DECODE (  PUSH) | 0    0    |    3 |    X,   X |    4 0000000100
#   4 | PUSH_IMMEDIATE, (  4) |   PUSH ( PAUSE) | 0    1    |    3 |    X,   3 |    4 0000000100
#   4 | PUSH_IMMEDIATE, (  4) |  PAUSE ( FETCH) | 0    0    |    4 |    X,   X |    4 0000000100
# ----+-----------------------+-----------------+-----------+------+-----------+-------
# PC  | Operation             |  State  (next)  | pop  push | top  | op1   op2 | result
#   5 | PUSH_IMMEDIATE, (  5) |  FETCH (DECODE) | 0    0    |    4 |    X,   X |    4 0000000100
#   5 | PUSH_IMMEDIATE, (  5) | DECODE (  PUSH) | 0    0    |    4 |    X,   X |    5 0000000101
#   5 | PUSH_IMMEDIATE, (  5) |   PUSH ( PAUSE) | 0    1    |    4 |    X,   4 |    5 0000000101
#   5 | PUSH_IMMEDIATE, (  5) |  PAUSE ( FETCH) | 0    0    |    5 |    X,   X |    5 0000000101
# ----+-----------------------+-----------------+-----------+------+-----------+-------
# PC  | Operation             |  State  (next)  | pop  push | top  | op1   op2 | result
#   6 | PUSH_IMMEDIATE, (  6) |  FETCH (DECODE) | 0    0    |    5 |    X,   X |    5 0000000101
#   6 | PUSH_IMMEDIATE, (  6) | DECODE (  PUSH) | 0    0    |    5 |    X,   X |    6 0000000110
#   6 | PUSH_IMMEDIATE, (  6) |   PUSH ( PAUSE) | 0    1    |    5 |    X,   5 |    6 0000000110
#   6 | PUSH_IMMEDIATE, (  6) |  PAUSE ( FETCH) | 0    0    |    6 |    X,   X |    6 0000000110
# ----+-----------------------+-----------------+-----------+------+-----------+-------
# PC  | Operation             |  State  (next)  | pop  push | top  | op1   op2 | result
#   7 | PUSH_IMMEDIATE, (  7) |  FETCH (DECODE) | 0    0    |    6 |    X,   X |    6 0000000110
#   7 | PUSH_IMMEDIATE, (  7) | DECODE (  PUSH) | 0    0    |    6 |    X,   X |    7 0000000111
#   7 | PUSH_IMMEDIATE, (  7) |   PUSH ( PAUSE) | 0    1    |    6 |    X,   6 |    7 0000000111
#   7 | PUSH_IMMEDIATE, (  7) |  PAUSE ( FETCH) | 0    0    |    7 |    X,   X |    7 0000000111
# ----+-----------------------+-----------------+-----------+------+-----------+-------
# PC  | Operation             |  State  (next)  | pop  push | top  | op1   op2 | result
#   8 | PUSH_IMMEDIATE, (  8) |  FETCH (DECODE) | 0    0    |    7 |    X,   X |    7 0000000111
#   8 | PUSH_IMMEDIATE, (  8) | DECODE (  PUSH) | 0    0    |    7 |    X,   X |    8 0000001000
#   8 | PUSH_IMMEDIATE, (  8) |   PUSH ( PAUSE) | 0    1    |    7 |    X,   7 |    8 0000001000
#   8 | PUSH_IMMEDIATE, (  8) |  PAUSE ( FETCH) | 0    0    |    8 |    X,   X |    8 0000001000
# ----+-----------------------+-----------------+-----------+------+-----------+-------
# PC  | Operation             |  State  (next)  | pop  push | top  | op1   op2 | result
#   9 | PUSH_IMMEDIATE, (  9) |  FETCH (DECODE) | 0    0    |    8 |    X,   X |    8 0000001000
#   9 | PUSH_IMMEDIATE, (  9) | DECODE (  PUSH) | 0    0    |    8 |    X,   X |    9 0000001001
#   9 | PUSH_IMMEDIATE, (  9) |   PUSH ( PAUSE) | 0    1    |    8 |    X,   8 |    9 0000001001
#   9 | PUSH_IMMEDIATE, (  9) |  PAUSE ( FETCH) | 0    0    |    9 |    X,   X |    9 0000001001
# ----+-----------------------+-----------------+-----------+------+-----------+-------
# PC  | Operation             |  State  (next)  | pop  push | top  | op1   op2 | result
#  10 | PUSH_IMMEDIATE, ( 10) |  FETCH (DECODE) | 0    0    |    9 |    X,   X |    9 0000001001
#  10 | PUSH_IMMEDIATE, ( 10) | DECODE (  PUSH) | 0    0    |    9 |    X,   X |   10 0000001010
#  10 | PUSH_IMMEDIATE, ( 10) |   PUSH ( PAUSE) | 0    1    |    9 |    X,   9 |   10 0000001010
#  10 | PUSH_IMMEDIATE, ( 10) |  PAUSE ( FETCH) | 0    0    |   10 |    X,   X |   10 0000001010
# ----+-----------------------+-----------------+-----------+------+-----------+-------
# PC  | Operation             |  State  (next)  | pop  push | top  | op1   op2 | result
#  11 | PUSH_IMMEDIATE, ( 11) |  FETCH (DECODE) | 0    0    |   10 |    X,   X |   10 0000001010
#  11 | PUSH_IMMEDIATE, ( 11) | DECODE (  PUSH) | 0    0    |   10 |    X,   X |   11 0000001011
#  11 | PUSH_IMMEDIATE, ( 11) |   PUSH ( PAUSE) | 0    1    |   10 |    X,  10 |   11 0000001011
#  11 | PUSH_IMMEDIATE, ( 11) |  PAUSE ( FETCH) | 0    0    |   11 |    X,   X |   11 0000001011
# ----+-----------------------+-----------------+-----------+------+-----------+-------
# PC  | Operation             |  State  (next)  | pop  push | top  | op1   op2 | result
#  12 | PUSH_IMMEDIATE, ( 12) |  FETCH (DECODE) | 0    0    |   11 |    X,   X |   11 0000001011
#  12 | PUSH_IMMEDIATE, ( 12) | DECODE (  PUSH) | 0    0    |   11 |    X,   X |   12 0000001100
#  12 | PUSH_IMMEDIATE, ( 12) |   PUSH ( PAUSE) | 0    1    |   11 |    X,  11 |   12 0000001100
#  12 | PUSH_IMMEDIATE, ( 12) |  PAUSE ( FETCH) | 0    0    |   12 |    X,   X |   12 0000001100
# ----+-----------------------+-----------------+-----------+------+-----------+-------
# PC  | Operation             |  State  (next)  | pop  push | top  | op1   op2 | result
#  13 | PUSH_IMMEDIATE, ( 13) |  FETCH (DECODE) | 0    0    |   12 |    X,   X |   12 0000001100
#  13 | PUSH_IMMEDIATE, ( 13) | DECODE (  PUSH) | 0    0    |   12 |    X,   X |   13 0000001101
#  13 | PUSH_IMMEDIATE, ( 13) |   PUSH ( PAUSE) | 0    1    |   12 |    X,  12 |   13 0000001101
#  13 | PUSH_IMMEDIATE, ( 13) |  PAUSE ( FETCH) | 0    0    |   13 |    X,   X |   13 0000001101
# ----+-----------------------+-----------------+-----------+------+-----------+-------
# PC  | Operation             |  State  (next)  | pop  push | top  | op1   op2 | result
#  14 | PUSH_IMMEDIATE, ( 14) |  FETCH (DECODE) | 0    0    |   13 |    X,   X |   13 0000001101
#  14 | PUSH_IMMEDIATE, ( 14) | DECODE (  PUSH) | 0    0    |   13 |    X,   X |   14 0000001110
#  14 | PUSH_IMMEDIATE, ( 14) |   PUSH ( PAUSE) | 0    1    |   13 |    X,  13 |   14 0000001110
#  14 | PUSH_IMMEDIATE, ( 14) |  PAUSE ( FETCH) | 0    0    |   14 |    X,   X |   14 0000001110
# ----+-----------------------+-----------------+-----------+------+-----------+-------
# PC  | Operation             |  State  (next)  | pop  push | top  | op1   op2 | result
#  15 | PUSH_IMMEDIATE, ( 15) |  FETCH (DECODE) | 0    0    |   14 |    X,   X |   14 0000001110
#  15 | PUSH_IMMEDIATE, ( 15) | DECODE (  PUSH) | 0    0    |   14 |    X,   X |   15 0000001111
#  15 | PUSH_IMMEDIATE, ( 15) |   PUSH ( PAUSE) | 0    1    |   14 |    X,  14 |   15 0000001111
#  15 | PUSH_IMMEDIATE, ( 15) |  PAUSE ( FETCH) | 0    0    |   15 |    X,   X |   15 0000001111
# ----+-----------------------+-----------------+-----------+------+-----------+-------
# PC  | Operation             |  State  (next)  | pop  push | top  | op1   op2 | result
#  16 | PUSH_IMMEDIATE, ( 16) |  FETCH (DECODE) | 0    0    |   15 |    X,   X |   15 0000001111
#  16 | PUSH_IMMEDIATE, ( 16) | DECODE (  PUSH) | 0    0    |   15 |    X,   X |   16 0000010000
#  16 | PUSH_IMMEDIATE, ( 16) |   PUSH ( ERROR) | 0    1    |   15 |    X,  15 |   16 0000010000
# Error occurred during execution.
# ** Note: $stop    : tb_stackCPU.sv(102)
#    Time: 695 ns  Iteration: 1  Instance: /tb_stackCPU
# Break at tb_stackCPU.sv line 102
# Stopped at tb_stackCPU.sv line 102
VSIM 2> # 
# <EOF>
# Errors: 0, Warnings: 0
make[1]: Leaving directory `/u/harke/ece-351/hw3'
