
=========================================
About:
roys
This is the test from Roy.
The HALT command has been removed.

Program:
00000_0_1111111110        // PUSH_IMMEDIATE -2	
00000_0_0000000101        // PUSH_IMMEDIATE 5
00001_0_0000000000        // ADD
00000_0_0000000111        // PUSH_IMMEDIATE 7
00011_0_0000000000        // MUL
00000_0_0011111111        // PUSH_IMMEDIATE 255
00001_0_0000000000        // ADD
00000_0_0000000000        // PUSH_IMMEDIATE 0
00001_0_0000000000        // ADD

Results:
make[1]: Entering directory `/u/harke/ece-351/hw3'
clear
[3;J[H[2Jvsim -c tb_stackCPU
Reading pref.tcl

# 2024.2

# vsim -c tb_stackCPU 
# Start time: 14:04:34 on Nov 27,2024
# ** Note: (vsim-8009) Loading existing optimized design _opt
# //  Questa Sim-64
# //  Version 2024.2 linux_x86_64 May 20 2024
# //
# // Unpublished work. Copyright 2024 Siemens
# //
# // This material contains trade secrets or otherwise confidential information
# // owned by Siemens Industry Software Inc. or its affiliates (collectively,
# // "SISW"), or its licensors. Access to and use of this information is strictly
# // limited as set forth in the Customer's applicable agreements with SISW.
# //
# // This material may not be copied, distributed, or otherwise disclosed outside
# // of the Customer's facilities without the express written permission of SISW,
# // and may not be used in any way not expressly authorized by SISW.
# //
# Loading sv_std.std
# Loading work.stackCPU_DEFS(fast)
# Loading work.stackCPU_sv_unit(fast)
# Loading work.tb_stackCPU_sv_unit(fast)
# Loading work.tb_stackCPU(fast)
VSIM 1> run -a
# ECE 351 Fall 2024: Stack CPU testbench - Tom Harke (harke@pdx.edu)
# Sources: /u/harke/351/hw3
# 
# waiting to come out of reset
# waiting to come out of reset
# StackCPU is alive and executing instructions!!
# ----+-----------------------+-----------------+-----------+------+-----------+-------
# PC  | Operation             |  State  (next)  | pop  push | top  | op1   op2 | result
#   0 | PUSH_IMMEDIATE, ( -2) |  FETCH (DECODE) | 0    0    |    0 |    x,   x |   -2 11111111111111111111111111111110
#   0 | PUSH_IMMEDIATE, ( -2) | DECODE (  PUSH) | 0    0    |    0 |    x,   x |   -2 11111111111111111111111111111110
#   0 | PUSH_IMMEDIATE, ( -2) |   PUSH ( FETCH) | 0    1    |    0 |    x,   0 |   -2 11111111111111111111111111111110
# ----+-----------------------+-----------------+-----------+------+-----------+-------
# PC  | Operation             |  State  (next)  | pop  push | top  | op1   op2 | result
#   1 | PUSH_IMMEDIATE, (  5) |  FETCH (DECODE) | 0    0    |   -2 |    X,   X |    5 0000000101
#   1 | PUSH_IMMEDIATE, (  5) | DECODE (  PUSH) | 0    0    |   -2 |    X,   X |    5 0000000101
#   1 | PUSH_IMMEDIATE, (  5) |   PUSH ( FETCH) | 0    1    |   -2 |    X,  -2 |    5 0000000101
# ----+-----------------------+-----------------+-----------+------+-----------+-------
# PC  | Operation             |  State  (next)  | pop  push | top  | op1   op2 | result
#   2 |            ADD, (  0) |  FETCH (DECODE) | 0    0    |    5 |    X,   X |    x xxxxxxxxxx
#   2 |            ADD, (  0) | DECODE (  POP2) | 1    0    |    5 |    X,   X |    x xxxxxxxxxx
#   2 |            ADD, (  0) |   POP2 (  POP1) | 1    0    |   -2 |    X,   5 |    x xxxxxxxxxx
#   2 |            ADD, (  0) |   POP1 (  PUSH) | 0    0    |    0 |   -2,   5 |    3 0000000011
#   2 |            ADD, (  0) |   PUSH ( FETCH) | 0    1    |    0 |   -2,   5 |    3 0000000011
# ----+-----------------------+-----------------+-----------+------+-----------+-------
# PC  | Operation             |  State  (next)  | pop  push | top  | op1   op2 | result
#   3 | PUSH_IMMEDIATE, (  7) |  FETCH (DECODE) | 0    0    |    3 |    X,   X |    7 0000000111
#   3 | PUSH_IMMEDIATE, (  7) | DECODE (  PUSH) | 0    0    |    3 |    X,   X |    7 0000000111
#   3 | PUSH_IMMEDIATE, (  7) |   PUSH ( FETCH) | 0    1    |    3 |    X,   3 |    7 0000000111
# ----+-----------------------+-----------------+-----------+------+-----------+-------
# PC  | Operation             |  State  (next)  | pop  push | top  | op1   op2 | result
#   4 |            MUL, (  0) |  FETCH (DECODE) | 0    0    |    7 |    X,   X |    x xxxxxxxxxx
#   4 |            MUL, (  0) | DECODE (  POP2) | 1    0    |    7 |    X,   X |    x xxxxxxxxxx
#   4 |            MUL, (  0) |   POP2 (  POP1) | 1    0    |    3 |    X,   7 |    x xxxxxxxxxx
#   4 |            MUL, (  0) |   POP1 (  PUSH) | 0    0    |    0 |    3,   7 |   21 0000010101
#   4 |            MUL, (  0) |   PUSH ( FETCH) | 0    1    |    0 |    3,   7 |   21 0000010101
# ----+-----------------------+-----------------+-----------+------+-----------+-------
# PC  | Operation             |  State  (next)  | pop  push | top  | op1   op2 | result
#   5 | PUSH_IMMEDIATE, (255) |  FETCH (DECODE) | 0    0    |   21 |    X,   X |  255 0011111111
#   5 | PUSH_IMMEDIATE, (255) | DECODE (  PUSH) | 0    0    |   21 |    X,   X |  255 0011111111
#   5 | PUSH_IMMEDIATE, (255) |   PUSH ( FETCH) | 0    1    |   21 |    X,  21 |  255 0011111111
# ----+-----------------------+-----------------+-----------+------+-----------+-------
# PC  | Operation             |  State  (next)  | pop  push | top  | op1   op2 | result
#   6 |            ADD, (  0) |  FETCH (DECODE) | 0    0    |  255 |    X,   X |    x xxxxxxxxxx
#   6 |            ADD, (  0) | DECODE (  POP2) | 1    0    |  255 |    X,   X |    x xxxxxxxxxx
#   6 |            ADD, (  0) |   POP2 (  POP1) | 1    0    |   21 |    X, 255 |    x xxxxxxxxxx
#   6 |            ADD, (  0) |   POP1 (  PUSH) | 0    0    |    0 |   21, 255 |  276 0100010100
#   6 |            ADD, (  0) |   PUSH ( FETCH) | 0    1    |    0 |   21, 255 |  276 0100010100
# ----+-----------------------+-----------------+-----------+------+-----------+-------
# PC  | Operation             |  State  (next)  | pop  push | top  | op1   op2 | result
#   7 | PUSH_IMMEDIATE, (  0) |  FETCH (DECODE) | 0    0    |  276 |    X,   X |    0 0000000000
#   7 | PUSH_IMMEDIATE, (  0) | DECODE (  PUSH) | 0    0    |  276 |    X,   X |    0 0000000000
#   7 | PUSH_IMMEDIATE, (  0) |   PUSH ( FETCH) | 0    1    |  276 |    X, 276 |    0 0000000000
# ----+-----------------------+-----------------+-----------+------+-----------+-------
# PC  | Operation             |  State  (next)  | pop  push | top  | op1   op2 | result
#   8 |            ADD, (  0) |  FETCH (DECODE) | 0    0    |    0 |    X,   X |    x xxxxxxxxxx
#   8 |            ADD, (  0) | DECODE (  POP2) | 1    0    |    0 |    X,   X |    x xxxxxxxxxx
#   8 |            ADD, (  0) |   POP2 (  POP1) | 1    0    |  276 |    X,   0 |    x xxxxxxxxxx
#   8 |            ADD, (  0) |   POP1 (  PUSH) | 0    0    |    0 |  276,   0 |  276 0100010100
#   8 |            ADD, (  0) |   PUSH ( FETCH) | 0    1    |    0 |  276,   0 |  276 0100010100
# Reached end of program.
# ** Note: $stop    : tb_stackCPU.sv(102)
#    Time: 375 ns  Iteration: 1  Instance: /tb_stackCPU
# Break at tb_stackCPU.sv line 102
# Stopped at tb_stackCPU.sv line 102
VSIM 2> # 
# <EOF>
# End time: 14:04:35 on Nov 27,2024, Elapsed time: 0:00:01
# Errors: 0, Warnings: 0
make[1]: Leaving directory `/u/harke/ece-351/hw3'
