
=========================================
File: unit.invert.mem

Description:
unit test for INVERT

Input Program:
00000_0_01111_00000 // PUSH_IMMEDIATE
01000_0_00000_00000 // INVERT

Results:
make[1]: Entering directory `/u/harke/ece-351/hw3'
clear
[3;J[H[2Jvsim -c tb_stackCPU
Reading pref.tcl

# 2024.2

# vsim -c tb_stackCPU 
# Start time: 20:33:37 on Nov 27,2024
# ** Note: (vsim-8009) Loading existing optimized design _opt
# //  Questa Sim-64
# //  Version 2024.2 linux_x86_64 May 20 2024
# //
# // Unpublished work. Copyright 2024 Siemens
# //
# // This material contains trade secrets or otherwise confidential information
# // owned by Siemens Industry Software Inc. or its affiliates (collectively,
# // "SISW"), or its licensors. Access to and use of this information is strictly
# // limited as set forth in the Customer's applicable agreements with SISW.
# //
# // This material may not be copied, distributed, or otherwise disclosed outside
# // of the Customer's facilities without the express written permission of SISW,
# // and may not be used in any way not expressly authorized by SISW.
# //
# Loading sv_std.std
# Loading work.stackCPU_DEFS(fast)
# Loading work.stackCPU_sv_unit(fast)
# Loading work.tb_stackCPU_sv_unit(fast)
# Loading work.tb_stackCPU(fast)
VSIM 1> run -a
# ECE 351 Fall 2024: Stack CPU testbench - Tom Harke (harke@pdx.edu)
# Sources: /u/harke/351/hw3
# 
# waiting to come out of reset
# waiting to come out of reset
# StackCPU is alive and executing instructions!!
# ----+-----------------------+-----------------+-----------+------+-----------+-------
# PC  | Operation             |  State  (next)  | pop  push | top  | op1   op2 | result
#   0 | PUSH_IMMEDIATE, (480) |  FETCH (DECODE) | 0    0    |    0 |    x,   x |  480 0111100000
#   0 | PUSH_IMMEDIATE, (480) | DECODE (  PUSH) | 0    0    |    0 |    x,   x |  480 0111100000
#   0 | PUSH_IMMEDIATE, (480) |   PUSH ( FETCH) | 0    1    |    0 |    x,   0 |  480 0111100000
# ----+-----------------------+-----------------+-----------+------+-----------+-------
# PC  | Operation             |  State  (next)  | pop  push | top  | op1   op2 | result
#   1 |         INVERT, (  0) |  FETCH (DECODE) | 0    0    |  480 |    X,   X |    X 1111111111111111111111111111111x
#   1 |         INVERT, (  0) | DECODE (  POP1) | 1    0    |  480 |    X,   X |    X 1111111111111111111111111111111x
#   1 |         INVERT, (  0) |   POP1 (  PUSH) | 0    0    |    0 |    X, 480 | -481 11111111111111111111111000011111
#   1 |         INVERT, (  0) |   PUSH ( FETCH) | 0    1    |    0 |    X, 480 | -481 11111111111111111111111000011111
# Reached end of program.
# ** Note: $stop    : tb_stackCPU.sv(102)
#    Time: 95 ns  Iteration: 1  Instance: /tb_stackCPU
# Break at tb_stackCPU.sv line 102
# Stopped at tb_stackCPU.sv line 102
VSIM 2> # 
# <EOF>
# End time: 20:33:37 on Nov 27,2024, Elapsed time: 0:00:00
# Errors: 0, Warnings: 0
make[1]: Leaving directory `/u/harke/ece-351/hw3'
